[22Dec2020 20:11:03.997] [main/INFO] [cpw.mods.modlauncher.Launcher/MODLAUNCHER]: ModLauncher running: args [--gameDir, ., --launchTarget, fmluserdevclient, --fml.mcpVersion, 20201102.104115, --fml.mcVersion, 1.16.4, --fml.forgeGroup, net.minecraftforge, --fml.forgeVersion, 35.1.4, --version, MOD_DEV, --assetIndex, 1.16, --assetsDir, C:\Users\bgoer\.gradle\caches\forge_gradle\assets, --username, Dev, --accessToken, ❄❄❄❄❄❄❄❄, --userProperties, {}]
[22Dec2020 20:11:04.003] [main/INFO] [cpw.mods.modlauncher.Launcher/MODLAUNCHER]: ModLauncher 8.0.6+85+master.325de55 starting: java version 1.8.0_251 by Oracle Corporation
[22Dec2020 20:11:04.742] [main/INFO] [net.minecraftforge.fml.loading.FixSSL/CORE]: Added Lets Encrypt root certificates as additional trust
[22Dec2020 20:11:04.815] [main/INFO] [mixin/]: SpongePowered MIXIN Subsystem Version=0.8.2 Source=file:/C:/Users/bgoer/.gradle/caches/modules-2/files-2.1/org.spongepowered/mixin/0.8.2/1cf212283d26f706fd3074318870bebd14d2a9ed/mixin-0.8.2.jar Service=ModLauncher Env=CLIENT
[22Dec2020 20:11:09.325] [main/INFO] [cpw.mods.modlauncher.LaunchServiceHandler/MODLAUNCHER]: Launching target 'fmluserdevclient' with arguments [--version, MOD_DEV, --gameDir, ., --assetsDir, C:\Users\bgoer\.gradle\caches\forge_gradle\assets, --assetIndex, 1.16, --username, Dev, --accessToken, ❄❄❄❄❄❄❄❄, --userProperties, {}]
[22Dec2020 20:11:25.489] [Render thread/INFO] [com.mojang.authlib.yggdrasil.YggdrasilAuthenticationService/]: Environment: authHost='https://authserver.mojang.com', accountsHost='https://api.mojang.com', sessionHost='https://sessionserver.mojang.com', servicesHost='https://api.minecraftservices.com', name='PROD'
[22Dec2020 20:11:26.198] [Render thread/ERROR] [net.minecraft.client.Minecraft/]: Failed to verify authentication
com.mojang.authlib.exceptions.AuthenticationException: Unauthorized
	at com.mojang.authlib.yggdrasil.YggdrasilAuthenticationService.makeRequest(YggdrasilAuthenticationService.java:119) ~[authlib-2.1.28.jar:?]
	at com.mojang.authlib.yggdrasil.YggdrasilSocialInteractionsService.checkPrivileges(YggdrasilSocialInteractionsService.java:94) ~[authlib-2.1.28.jar:?]
	at com.mojang.authlib.yggdrasil.YggdrasilSocialInteractionsService.<init>(YggdrasilSocialInteractionsService.java:40) ~[authlib-2.1.28.jar:?]
	at com.mojang.authlib.yggdrasil.YggdrasilAuthenticationService.createSocialInteractionsService(YggdrasilAuthenticationService.java:152) ~[authlib-2.1.28.jar:?]
	at net.minecraft.client.Minecraft.func_244735_a(Minecraft.java:556) ~[forge-1.16.4-35.1.4_mapped_snapshot_20201028-1.16.3-recomp.jar:?]
	at net.minecraft.client.Minecraft.<init>(Minecraft.java:388) ~[forge-1.16.4-35.1.4_mapped_snapshot_20201028-1.16.3-recomp.jar:?]
	at net.minecraft.client.main.Main.main(Main.java:149) ~[forge-1.16.4-35.1.4_mapped_snapshot_20201028-1.16.3-recomp.jar:?]
	at sun.reflect.NativeMethodAccessorImpl.invoke0(Native Method) ~[?:1.8.0_251]
	at sun.reflect.NativeMethodAccessorImpl.invoke(NativeMethodAccessorImpl.java:62) ~[?:1.8.0_251]
	at sun.reflect.DelegatingMethodAccessorImpl.invoke(DelegatingMethodAccessorImpl.java:43) ~[?:1.8.0_251]
	at java.lang.reflect.Method.invoke(Method.java:498) ~[?:1.8.0_251]
	at net.minecraftforge.userdev.FMLUserdevClientLaunchProvider.lambda$launchService$0(FMLUserdevClientLaunchProvider.java:52) ~[forge-1.16.4-35.1.4_mapped_snapshot_20201028-1.16.3-recomp.jar:?]
	at cpw.mods.modlauncher.LaunchServiceHandlerDecorator.launch(LaunchServiceHandlerDecorator.java:37) [modlauncher-8.0.6.jar:?]
	at cpw.mods.modlauncher.LaunchServiceHandler.launch(LaunchServiceHandler.java:54) [modlauncher-8.0.6.jar:?]
	at cpw.mods.modlauncher.LaunchServiceHandler.launch(LaunchServiceHandler.java:72) [modlauncher-8.0.6.jar:?]
	at cpw.mods.modlauncher.Launcher.run(Launcher.java:82) [modlauncher-8.0.6.jar:?]
	at cpw.mods.modlauncher.Launcher.main(Launcher.java:66) [modlauncher-8.0.6.jar:?]
	at net.minecraftforge.userdev.LaunchTesting.main(LaunchTesting.java:105) [forge-1.16.4-35.1.4_mapped_snapshot_20201028-1.16.3-recomp.jar:?]
[22Dec2020 20:11:26.210] [Render thread/INFO] [net.minecraft.client.Minecraft/]: Setting user: Dev
[22Dec2020 20:11:26.497] [Render thread/INFO] [net.minecraft.client.Minecraft/]: Backend library: LWJGL version 3.2.2 build 10
[22Dec2020 20:11:27.806] [Render thread/FATAL] [net.minecraftforge.fml.ModLoader/CORE]: Failed to initialize mod containers
net.minecraftforge.fml.ModLoadingException: mods.toml missing metadata for modid tutorial
	at net.minecraftforge.fml.ModLoader.lambda$buildModContainerFromTOML$32(ModLoader.java:295) ~[forge-1.16.4-35.1.4_mapped_snapshot_20201028-1.16.3-recomp.jar:?]
	at java.util.Optional.orElseThrow(Optional.java:290) ~[?:1.8.0_251]
	at net.minecraftforge.fml.ModLoader.buildModContainerFromTOML(ModLoader.java:295) ~[forge-1.16.4-35.1.4_mapped_snapshot_20201028-1.16.3-recomp.jar:?]
	at net.minecraftforge.fml.ModLoader.lambda$buildMods$29(ModLoader.java:275) ~[forge-1.16.4-35.1.4_mapped_snapshot_20201028-1.16.3-recomp.jar:?]
	at java.util.stream.ReferencePipeline$3$1.accept(ReferencePipeline.java:193) ~[?:1.8.0_251]
	at java.util.HashMap$EntrySpliterator.forEachRemaining(HashMap.java:1699) ~[?:1.8.0_251]
	at java.util.stream.AbstractPipeline.copyInto(AbstractPipeline.java:482) ~[?:1.8.0_251]
	at java.util.stream.AbstractPipeline.wrapAndCopyInto(AbstractPipeline.java:472) ~[?:1.8.0_251]
	at java.util.stream.ReduceOps$ReduceOp.evaluateSequential(ReduceOps.java:708) ~[?:1.8.0_251]
	at java.util.stream.AbstractPipeline.evaluate(AbstractPipeline.java:234) ~[?:1.8.0_251]
	at java.util.stream.ReferencePipeline.collect(ReferencePipeline.java:499) ~[?:1.8.0_251]
	at net.minecraftforge.fml.ModLoader.buildMods(ModLoader.java:277) ~[forge-1.16.4-35.1.4_mapped_snapshot_20201028-1.16.3-recomp.jar:?]
	at net.minecraftforge.fml.ModLoader.lambda$gatherAndInitializeMods$11(ModLoader.java:177) ~[forge-1.16.4-35.1.4_mapped_snapshot_20201028-1.16.3-recomp.jar:?]
	at java.util.stream.ReferencePipeline$3$1.accept(ReferencePipeline.java:193) ~[?:1.8.0_251]
	at java.util.stream.ReferencePipeline$3$1.accept(ReferencePipeline.java:193) ~[?:1.8.0_251]
	at java.util.ArrayList$ArrayListSpliterator.forEachRemaining(ArrayList.java:1382) ~[?:1.8.0_251]
	at java.util.stream.AbstractPipeline.copyInto(AbstractPipeline.java:482) ~[?:1.8.0_251]
	at java.util.stream.AbstractPipeline.wrapAndCopyInto(AbstractPipeline.java:472) ~[?:1.8.0_251]
	at java.util.stream.ReduceOps$ReduceOp.evaluateSequential(ReduceOps.java:708) ~[?:1.8.0_251]
	at java.util.stream.AbstractPipeline.evaluate(AbstractPipeline.java:234) ~[?:1.8.0_251]
	at java.util.stream.ReferencePipeline.collect(ReferencePipeline.java:499) ~[?:1.8.0_251]
	at net.minecraftforge.fml.ModLoader.gatherAndInitializeMods(ModLoader.java:179) ~[forge-1.16.4-35.1.4_mapped_snapshot_20201028-1.16.3-recomp.jar:?]
	at net.minecraftforge.fml.client.ClientModLoader.lambda$begin$1(ClientModLoader.java:103) ~[forge-1.16.4-35.1.4_mapped_snapshot_20201028-1.16.3-recomp.jar:?]
	at net.minecraftforge.fml.client.ClientModLoader.lambda$createRunnableWithCatch$4(ClientModLoader.java:123) ~[forge-1.16.4-35.1.4_mapped_snapshot_20201028-1.16.3-recomp.jar:?]
	at net.minecraftforge.fml.client.ClientModLoader.begin(ClientModLoader.java:103) ~[forge-1.16.4-35.1.4_mapped_snapshot_20201028-1.16.3-recomp.jar:?]
	at net.minecraft.client.Minecraft.<init>(Minecraft.java:442) ~[forge-1.16.4-35.1.4_mapped_snapshot_20201028-1.16.3-recomp.jar:?]
	at net.minecraft.client.main.Main.main(Main.java:149) ~[forge-1.16.4-35.1.4_mapped_snapshot_20201028-1.16.3-recomp.jar:?]
	at sun.reflect.NativeMethodAccessorImpl.invoke0(Native Method) ~[?:1.8.0_251]
	at sun.reflect.NativeMethodAccessorImpl.invoke(NativeMethodAccessorImpl.java:62) ~[?:1.8.0_251]
	at sun.reflect.DelegatingMethodAccessorImpl.invoke(DelegatingMethodAccessorImpl.java:43) ~[?:1.8.0_251]
	at java.lang.reflect.Method.invoke(Method.java:498) ~[?:1.8.0_251]
	at net.minecraftforge.userdev.FMLUserdevClientLaunchProvider.lambda$launchService$0(FMLUserdevClientLaunchProvider.java:52) ~[forge-1.16.4-35.1.4_mapped_snapshot_20201028-1.16.3-recomp.jar:?]
	at cpw.mods.modlauncher.LaunchServiceHandlerDecorator.launch(LaunchServiceHandlerDecorator.java:37) [modlauncher-8.0.6.jar:?]
	at cpw.mods.modlauncher.LaunchServiceHandler.launch(LaunchServiceHandler.java:54) [modlauncher-8.0.6.jar:?]
	at cpw.mods.modlauncher.LaunchServiceHandler.launch(LaunchServiceHandler.java:72) [modlauncher-8.0.6.jar:?]
	at cpw.mods.modlauncher.Launcher.run(Launcher.java:82) [modlauncher-8.0.6.jar:?]
	at cpw.mods.modlauncher.Launcher.main(Launcher.java:66) [modlauncher-8.0.6.jar:?]
	at net.minecraftforge.userdev.LaunchTesting.main(LaunchTesting.java:105) [forge-1.16.4-35.1.4_mapped_snapshot_20201028-1.16.3-recomp.jar:?]
[22Dec2020 20:11:28.014] [Render thread/ERROR] [net.minecraftforge.fml.ModLoader/]: Cowardly refusing to send event net.minecraftforge.client.event.sound.SoundLoadEvent to a broken mod state
[22Dec2020 20:11:28.267] [Render thread/ERROR] [net.minecraftforge.fml.ModLoader/]: Cowardly refusing to send event net.minecraftforge.client.event.ColorHandlerEvent$Block to a broken mod state
[22Dec2020 20:11:28.273] [Render thread/ERROR] [net.minecraftforge.fml.ModLoader/]: Cowardly refusing to send event net.minecraftforge.client.event.ColorHandlerEvent$Item to a broken mod state
[22Dec2020 20:11:30.202] [Render thread/ERROR] [net.minecraftforge.fml.ModLoader/]: Cowardly refusing to send event net.minecraftforge.client.event.ParticleFactoryRegisterEvent to a broken mod state
[22Dec2020 20:11:30.313] [Render thread/INFO] [com.mojang.text2speech.NarratorWindows/]: Narrator library for x64 successfully loaded
[22Dec2020 20:11:30.460] [Render thread/INFO] [net.minecraft.resources.SimpleReloadableResourceManager/]: Reloading ResourceManager: Default
[22Dec2020 20:11:30.977] [Worker-Main-5/ERROR] [net.minecraftforge.fml.ModLoader/]: Cowardly refusing to send event net.minecraftforge.client.event.ModelRegistryEvent to a broken mod state
[22Dec2020 20:11:32.271] [Worker-Main-6/ERROR] [net.minecraftforge.fml.ModLoader/]: Cowardly refusing to send event net.minecraftforge.client.event.TextureStitchEvent$Pre to a broken mod state
[22Dec2020 20:11:36.862] [Worker-Main-4/ERROR] [net.minecraftforge.fml.ModLoader/]: Cowardly refusing to send event net.minecraftforge.client.event.TextureStitchEvent$Pre to a broken mod state
[22Dec2020 20:11:41.364] [Worker-Main-5/ERROR] [net.minecraftforge.fml.ModLoader/]: Cowardly refusing to send event net.minecraftforge.client.event.TextureStitchEvent$Pre to a broken mod state
[22Dec2020 20:11:41.407] [Worker-Main-7/ERROR] [net.minecraftforge.fml.ModLoader/]: Cowardly refusing to send event net.minecraftforge.client.event.TextureStitchEvent$Pre to a broken mod state
[22Dec2020 20:11:43.810] [Worker-Main-5/ERROR] [net.minecraftforge.fml.ModLoader/]: Cowardly refusing to send event net.minecraftforge.client.event.TextureStitchEvent$Pre to a broken mod state
[22Dec2020 20:11:43.822] [Worker-Main-5/ERROR] [net.minecraftforge.fml.ModLoader/]: Cowardly refusing to send event net.minecraftforge.client.event.TextureStitchEvent$Pre to a broken mod state
[22Dec2020 20:11:43.913] [Worker-Main-5/ERROR] [net.minecraftforge.fml.ModLoader/]: Cowardly refusing to send event net.minecraftforge.client.event.TextureStitchEvent$Pre to a broken mod state
[22Dec2020 20:11:43.961] [Worker-Main-5/ERROR] [net.minecraftforge.fml.ModLoader/]: Cowardly refusing to send event net.minecraftforge.client.event.TextureStitchEvent$Pre to a broken mod state
[22Dec2020 20:11:43.982] [Worker-Main-5/ERROR] [net.minecraftforge.fml.ModLoader/]: Cowardly refusing to send event net.minecraftforge.client.event.TextureStitchEvent$Pre to a broken mod state
[22Dec2020 20:11:44.006] [Worker-Main-5/ERROR] [net.minecraftforge.fml.ModLoader/]: Cowardly refusing to send event net.minecraftforge.client.event.TextureStitchEvent$Pre to a broken mod state
[22Dec2020 20:11:44.764] [Render thread/INFO] [net.minecraft.client.audio.SoundSystem/]: OpenAL initialized.
[22Dec2020 20:11:44.766] [Render thread/INFO] [net.minecraft.client.audio.SoundEngine/SOUNDS]: Sound engine started
[22Dec2020 20:11:45.479] [Render thread/INFO] [net.minecraft.client.renderer.texture.AtlasTexture/]: Created: 1024x512x4 minecraft:textures/atlas/blocks.png-atlas
[22Dec2020 20:11:45.769] [Render thread/ERROR] [net.minecraftforge.fml.ModLoader/]: Cowardly refusing to send event net.minecraftforge.client.event.TextureStitchEvent$Post to a broken mod state
[22Dec2020 20:11:45.770] [Render thread/INFO] [net.minecraft.client.renderer.texture.AtlasTexture/]: Created: 256x128x4 minecraft:textures/atlas/signs.png-atlas
[22Dec2020 20:11:45.772] [Render thread/ERROR] [net.minecraftforge.fml.ModLoader/]: Cowardly refusing to send event net.minecraftforge.client.event.TextureStitchEvent$Post to a broken mod state
[22Dec2020 20:11:45.773] [Render thread/INFO] [net.minecraft.client.renderer.texture.AtlasTexture/]: Created: 512x512x4 minecraft:textures/atlas/banner_patterns.png-atlas
[22Dec2020 20:11:45.780] [Render thread/ERROR] [net.minecraftforge.fml.ModLoader/]: Cowardly refusing to send event net.minecraftforge.client.event.TextureStitchEvent$Post to a broken mod state
[22Dec2020 20:11:45.781] [Render thread/INFO] [net.minecraft.client.renderer.texture.AtlasTexture/]: Created: 512x512x4 minecraft:textures/atlas/shield_patterns.png-atlas
[22Dec2020 20:11:45.790] [Render thread/ERROR] [net.minecraftforge.fml.ModLoader/]: Cowardly refusing to send event net.minecraftforge.client.event.TextureStitchEvent$Post to a broken mod state
[22Dec2020 20:11:45.790] [Render thread/INFO] [net.minecraft.client.renderer.texture.AtlasTexture/]: Created: 256x256x4 minecraft:textures/atlas/chest.png-atlas
[22Dec2020 20:11:45.792] [Render thread/ERROR] [net.minecraftforge.fml.ModLoader/]: Cowardly refusing to send event net.minecraftforge.client.event.TextureStitchEvent$Post to a broken mod state
[22Dec2020 20:11:45.793] [Render thread/INFO] [net.minecraft.client.renderer.texture.AtlasTexture/]: Created: 512x256x4 minecraft:textures/atlas/beds.png-atlas
[22Dec2020 20:11:45.797] [Render thread/ERROR] [net.minecraftforge.fml.ModLoader/]: Cowardly refusing to send event net.minecraftforge.client.event.TextureStitchEvent$Post to a broken mod state
[22Dec2020 20:11:45.798] [Render thread/INFO] [net.minecraft.client.renderer.texture.AtlasTexture/]: Created: 512x256x4 minecraft:textures/atlas/shulker_boxes.png-atlas
[22Dec2020 20:11:45.802] [Render thread/ERROR] [net.minecraftforge.fml.ModLoader/]: Cowardly refusing to send event net.minecraftforge.client.event.TextureStitchEvent$Post to a broken mod state
[22Dec2020 20:11:46.746] [Render thread/ERROR] [net.minecraftforge.fml.ModLoader/]: Cowardly refusing to send event net.minecraftforge.client.event.ModelBakeEvent to a broken mod state
[22Dec2020 20:11:47.684] [Render thread/INFO] [net.minecraft.client.renderer.texture.AtlasTexture/]: Created: 256x256x0 minecraft:textures/atlas/particles.png-atlas
[22Dec2020 20:11:47.751] [Render thread/ERROR] [net.minecraftforge.fml.ModLoader/]: Cowardly refusing to send event net.minecraftforge.client.event.TextureStitchEvent$Post to a broken mod state
[22Dec2020 20:11:47.752] [Render thread/INFO] [net.minecraft.client.renderer.texture.AtlasTexture/]: Created: 256x256x0 minecraft:textures/atlas/paintings.png-atlas
[22Dec2020 20:11:47.755] [Render thread/ERROR] [net.minecraftforge.fml.ModLoader/]: Cowardly refusing to send event net.minecraftforge.client.event.TextureStitchEvent$Post to a broken mod state
[22Dec2020 20:11:47.755] [Render thread/INFO] [net.minecraft.client.renderer.texture.AtlasTexture/]: Created: 128x128x0 minecraft:textures/atlas/mob_effects.png-atlas
[22Dec2020 20:11:47.759] [Render thread/ERROR] [net.minecraftforge.fml.ModLoader/]: Cowardly refusing to send event net.minecraftforge.client.event.TextureStitchEvent$Post to a broken mod state
[22Dec2020 20:11:48.130] [Render thread/INFO] [STDOUT/]: [net.minecraft.crash.CrashReport:makeCategoryDepth:227]: Negative index in crash report handler (21/23)
[22Dec2020 20:11:48.148] [Render thread/FATAL] [net.minecraftforge.fml.client.ClientModLoader/]: Crash report saved to .\crash-reports\crash-2020-12-22_20.11.48-fml.txt
